<?xml version="1.0" encoding="UTF-8"?>
<!-- Generated by org.testng.reporters.JUnitReportReporter -->
<testsuite hostname="DHHCLGJNDGB3" failures="0" tests="1" name="Testcases.check" time="4.778" errors="0" timestamp="2022-05-25T09:54:24 IST" skipped="0">
  <testcase classname="Testcases.check" name="verirytooltip" time="4.778"/>
  <system-out/>
</testsuite> <!-- Testcases.check -->
