<?xml version="1.0" encoding="UTF-8"?>
<!-- Generated by org.testng.reporters.JUnitReportReporter -->
<testsuite hostname="DHHCLGJNDGB3" failures="0" tests="1" name="seleniumTest.test" time="56.501" errors="0" timestamp="2022-05-23T17:15:13 IST" skipped="0">
  <testcase classname="seleniumTest.test" name="setup" time="56.501"/>
  <system-out/>
</testsuite> <!-- seleniumTest.test -->
