<?xml version="1.0" encoding="UTF-8"?>
<!-- Generated by org.testng.reporters.JUnitReportReporter -->
<testsuite hostname="DHHCLPF18V2V2" failures="4" tests="30" name="Testcases.TestFauxTab" time="96.925" errors="0" timestamp="2022-06-29T11:40:58 IST" skipped="0">
  <testcase classname="Testcases.TestFauxTab" name="verifyDisplayName" time="2.323"/>
  <system-out/>
  <testcase classname="Testcases.TestFauxTab" name="verifyEnableTrue" time="2.459"/>
  <system-out/>
  <testcase classname="Testcases.TestFauxTab" name="verifyEnableFalse" time="2.732"/>
  <system-out/>
  <testcase classname="Testcases.TestFauxTab" name="verifyVisibleTrue" time="3.154"/>
  <system-out/>
  <testcase classname="Testcases.TestFauxTab" name="verifyVisibleFalse" time="2.447"/>
  <system-out/>
  <testcase classname="Testcases.TestFauxTab" name="verifyShowToolTipTrue" time="2.516">
    <failure message="expected [true] but found [false]" type="java.lang.AssertionError">
      <![CDATA[java.lang.AssertionError: expected [true] but found [false]
at org.testng.Assert.fail(Assert.java:99)
at org.testng.Assert.failNotEquals(Assert.java:1037)
at org.testng.Assert.assertTrue(Assert.java:45)
at org.testng.Assert.assertTrue(Assert.java:55)
at PageActions.iFauxTabActions.validateShowToolTipTrue(iFauxTabActions.java:52)
at Testcases.TestFauxTab.verifyShowToolTipTrue(TestFauxTab.java:86)
at java.base/jdk.internal.reflect.DirectMethodHandleAccessor.invoke(DirectMethodHandleAccessor.java:104)
at java.base/java.lang.reflect.Method.invoke(Method.java:577)
at org.testng.internal.MethodInvocationHelper.invokeMethod(MethodInvocationHelper.java:133)
at org.testng.internal.TestInvoker.invokeMethod(TestInvoker.java:598)
at org.testng.internal.TestInvoker.invokeTestMethod(TestInvoker.java:173)
at org.testng.internal.MethodRunner.runInSequence(MethodRunner.java:46)
at org.testng.internal.TestInvoker$MethodInvocationAgent.invoke(TestInvoker.java:824)
at org.testng.internal.TestInvoker.invokeTestMethods(TestInvoker.java:146)
at org.testng.internal.TestMethodWorker.invokeTestMethods(TestMethodWorker.java:146)
at org.testng.internal.TestMethodWorker.run(TestMethodWorker.java:128)
at java.base/java.util.ArrayList.forEach(ArrayList.java:1511)
at org.testng.TestRunner.privateRun(TestRunner.java:794)
at org.testng.TestRunner.run(TestRunner.java:596)
at org.testng.SuiteRunner.runTest(SuiteRunner.java:377)
at org.testng.SuiteRunner.runSequentially(SuiteRunner.java:371)
at org.testng.SuiteRunner.privateRun(SuiteRunner.java:332)
at org.testng.SuiteRunner.run(SuiteRunner.java:276)
at org.testng.SuiteRunnerWorker.runSuite(SuiteRunnerWorker.java:53)
at org.testng.SuiteRunnerWorker.run(SuiteRunnerWorker.java:96)
at org.testng.TestNG.runSuitesSequentially(TestNG.java:1212)
at org.testng.TestNG.runSuitesLocally(TestNG.java:1134)
at org.testng.TestNG.runSuites(TestNG.java:1063)
at org.testng.TestNG.run(TestNG.java:1031)
at org.testng.remote.AbstractRemoteTestNG.run(AbstractRemoteTestNG.java:115)
at org.testng.remote.RemoteTestNG.initAndRun(RemoteTestNG.java:251)
at org.testng.remote.RemoteTestNG.main(RemoteTestNG.java:77)
]]>
    </failure>
  </testcase> <!-- verifyShowToolTipTrue -->
  <system-out/>
  <testcase classname="Testcases.TestFauxTab" name="verifyShowToolTipFalse" time="3.535"/>
  <system-out/>
  <testcase classname="Testcases.TestFauxTab" name="verifyGetActiveTabIndex" time="2.461"/>
  <system-out/>
  <testcase classname="Testcases.TestFauxTab" name="verifyGetActiveTabName" time="2.807"/>
  <system-out/>
  <testcase classname="Testcases.TestFauxTab" name="verifyGetActiveTabKey" time="2.378"/>
  <system-out/>
  <testcase classname="Testcases.TestFauxTab" name="verifyTabCount" time="2.347"/>
  <system-out/>
  <testcase classname="Testcases.TestFauxTab" name="verifyFrameLoaded" time="14.827"/>
  <system-out/>
  <testcase classname="Testcases.TestFauxTab" name="verifySelectedTabId" time="2.645">
    <failure message="expected [true] but found [false]" type="java.lang.AssertionError">
      <![CDATA[java.lang.AssertionError: expected [true] but found [false]
at org.testng.Assert.fail(Assert.java:99)
at org.testng.Assert.failNotEquals(Assert.java:1037)
at org.testng.Assert.assertTrue(Assert.java:45)
at org.testng.Assert.assertTrue(Assert.java:55)
at PageActions.iFauxTabActions.validateSelectTabId(iFauxTabActions.java:96)
at Testcases.TestFauxTab.verifySelectedTabId(TestFauxTab.java:120)
at java.base/jdk.internal.reflect.DirectMethodHandleAccessor.invoke(DirectMethodHandleAccessor.java:104)
at java.base/java.lang.reflect.Method.invoke(Method.java:577)
at org.testng.internal.MethodInvocationHelper.invokeMethod(MethodInvocationHelper.java:133)
at org.testng.internal.TestInvoker.invokeMethod(TestInvoker.java:598)
at org.testng.internal.TestInvoker.invokeTestMethod(TestInvoker.java:173)
at org.testng.internal.MethodRunner.runInSequence(MethodRunner.java:46)
at org.testng.internal.TestInvoker$MethodInvocationAgent.invoke(TestInvoker.java:824)
at org.testng.internal.TestInvoker.invokeTestMethods(TestInvoker.java:146)
at org.testng.internal.TestMethodWorker.invokeTestMethods(TestMethodWorker.java:146)
at org.testng.internal.TestMethodWorker.run(TestMethodWorker.java:128)
at java.base/java.util.ArrayList.forEach(ArrayList.java:1511)
at org.testng.TestRunner.privateRun(TestRunner.java:794)
at org.testng.TestRunner.run(TestRunner.java:596)
at org.testng.SuiteRunner.runTest(SuiteRunner.java:377)
at org.testng.SuiteRunner.runSequentially(SuiteRunner.java:371)
at org.testng.SuiteRunner.privateRun(SuiteRunner.java:332)
at org.testng.SuiteRunner.run(SuiteRunner.java:276)
at org.testng.SuiteRunnerWorker.runSuite(SuiteRunnerWorker.java:53)
at org.testng.SuiteRunnerWorker.run(SuiteRunnerWorker.java:96)
at org.testng.TestNG.runSuitesSequentially(TestNG.java:1212)
at org.testng.TestNG.runSuitesLocally(TestNG.java:1134)
at org.testng.TestNG.runSuites(TestNG.java:1063)
at org.testng.TestNG.run(TestNG.java:1031)
at org.testng.remote.AbstractRemoteTestNG.run(AbstractRemoteTestNG.java:115)
at org.testng.remote.RemoteTestNG.initAndRun(RemoteTestNG.java:251)
at org.testng.remote.RemoteTestNG.main(RemoteTestNG.java:77)
]]>
    </failure>
  </testcase> <!-- verifySelectedTabId -->
  <system-out/>
  <testcase classname="Testcases.TestFauxTab" name="verifyLockTab" time="2.226"/>
  <system-out/>
  <testcase classname="Testcases.TestFauxTab" name="verifyUnLockTab" time="2.561"/>
  <system-out/>
  <testcase classname="Testcases.TestFauxTab" name="verifyEnableTrueDrop" time="3.119"/>
  <system-out/>
  <testcase classname="Testcases.TestFauxTab" name="verifyEnableFalseDrop" time="2.763"/>
  <system-out/>
  <testcase classname="Testcases.TestFauxTab" name="verifyVisible1False" time="3.165"/>
  <system-out/>
  <testcase classname="Testcases.TestFauxTab" name="verifyVisible1True" time="2.958"/>
  <system-out/>
  <testcase classname="Testcases.TestFauxTab" name="verifySetMandatoryFalse" time="2.559"/>
  <system-out/>
  <testcase classname="Testcases.TestFauxTab" name="verifySetMandatoryTrue" time="3.111"/>
  <system-out/>
  <testcase classname="Testcases.TestFauxTab" name="verifySetToolTip" time="3.715">
    <failure message="expected [true] but found [false]" type="java.lang.AssertionError">
      <![CDATA[java.lang.AssertionError: expected [true] but found [false]
at org.testng.Assert.fail(Assert.java:99)
at org.testng.Assert.failNotEquals(Assert.java:1037)
at org.testng.Assert.assertTrue(Assert.java:45)
at org.testng.Assert.assertTrue(Assert.java:55)
at PageActions.iFauxTabActions.validateSetToolTip(iFauxTabActions.java:174)
at Testcases.TestFauxTab.verifySetToolTip(TestFauxTab.java:166)
at java.base/jdk.internal.reflect.DirectMethodHandleAccessor.invoke(DirectMethodHandleAccessor.java:104)
at java.base/java.lang.reflect.Method.invoke(Method.java:577)
at org.testng.internal.MethodInvocationHelper.invokeMethod(MethodInvocationHelper.java:133)
at org.testng.internal.TestInvoker.invokeMethod(TestInvoker.java:598)
at org.testng.internal.TestInvoker.invokeTestMethod(TestInvoker.java:173)
at org.testng.internal.MethodRunner.runInSequence(MethodRunner.java:46)
at org.testng.internal.TestInvoker$MethodInvocationAgent.invoke(TestInvoker.java:824)
at org.testng.internal.TestInvoker.invokeTestMethods(TestInvoker.java:146)
at org.testng.internal.TestMethodWorker.invokeTestMethods(TestMethodWorker.java:146)
at org.testng.internal.TestMethodWorker.run(TestMethodWorker.java:128)
at java.base/java.util.ArrayList.forEach(ArrayList.java:1511)
at org.testng.TestRunner.privateRun(TestRunner.java:794)
at org.testng.TestRunner.run(TestRunner.java:596)
at org.testng.SuiteRunner.runTest(SuiteRunner.java:377)
at org.testng.SuiteRunner.runSequentially(SuiteRunner.java:371)
at org.testng.SuiteRunner.privateRun(SuiteRunner.java:332)
at org.testng.SuiteRunner.run(SuiteRunner.java:276)
at org.testng.SuiteRunnerWorker.runSuite(SuiteRunnerWorker.java:53)
at org.testng.SuiteRunnerWorker.run(SuiteRunnerWorker.java:96)
at org.testng.TestNG.runSuitesSequentially(TestNG.java:1212)
at org.testng.TestNG.runSuitesLocally(TestNG.java:1134)
at org.testng.TestNG.runSuites(TestNG.java:1063)
at org.testng.TestNG.run(TestNG.java:1031)
at org.testng.remote.AbstractRemoteTestNG.run(AbstractRemoteTestNG.java:115)
at org.testng.remote.RemoteTestNG.initAndRun(RemoteTestNG.java:251)
at org.testng.remote.RemoteTestNG.main(RemoteTestNG.java:77)
]]>
    </failure>
  </testcase> <!-- verifySetToolTip -->
  <system-out/>
  <testcase classname="Testcases.TestFauxTab" name="verifyEnable2TrueDrop" time="2.753"/>
  <system-out/>
  <testcase classname="Testcases.TestFauxTab" name="verifyEnable2FalseDrop" time="2.664"/>
  <system-out/>
  <testcase classname="Testcases.TestFauxTab" name="verifyVisible2True" time="2.930"/>
  <system-out/>
  <testcase classname="Testcases.TestFauxTab" name="verifyVisible2False" time="3.184"/>
  <system-out/>
  <testcase classname="Testcases.TestFauxTab" name="verifySetActive" time="2.628"/>
  <system-out/>
  <testcase classname="Testcases.TestFauxTab" name="verifySelectTab" time="2.748"/>
  <system-out/>
  <testcase classname="Testcases.TestFauxTab" name="verifyGetSetTag" time="4.623"/>
  <system-out/>
  <testcase classname="Testcases.TestFauxTab" name="verifyIsShow" time="2.587">
    <failure message="expected [false] but found [true]" type="java.lang.AssertionError">
      <![CDATA[java.lang.AssertionError: expected [false] but found [true]
at org.testng.Assert.fail(Assert.java:99)
at org.testng.Assert.failNotEquals(Assert.java:1037)
at org.testng.Assert.assertFalse(Assert.java:67)
at org.testng.Assert.assertFalse(Assert.java:77)
at PageActions.iFauxTabActions.validateIsShow(iFauxTabActions.java:245)
at Testcases.TestFauxTab.verifyIsShow(TestFauxTab.java:206)
at java.base/jdk.internal.reflect.DirectMethodHandleAccessor.invoke(DirectMethodHandleAccessor.java:104)
at java.base/java.lang.reflect.Method.invoke(Method.java:577)
at org.testng.internal.MethodInvocationHelper.invokeMethod(MethodInvocationHelper.java:133)
at org.testng.internal.TestInvoker.invokeMethod(TestInvoker.java:598)
at org.testng.internal.TestInvoker.invokeTestMethod(TestInvoker.java:173)
at org.testng.internal.MethodRunner.runInSequence(MethodRunner.java:46)
at org.testng.internal.TestInvoker$MethodInvocationAgent.invoke(TestInvoker.java:824)
at org.testng.internal.TestInvoker.invokeTestMethods(TestInvoker.java:146)
at org.testng.internal.TestMethodWorker.invokeTestMethods(TestMethodWorker.java:146)
at org.testng.internal.TestMethodWorker.run(TestMethodWorker.java:128)
at java.base/java.util.ArrayList.forEach(ArrayList.java:1511)
at org.testng.TestRunner.privateRun(TestRunner.java:794)
at org.testng.TestRunner.run(TestRunner.java:596)
at org.testng.SuiteRunner.runTest(SuiteRunner.java:377)
at org.testng.SuiteRunner.runSequentially(SuiteRunner.java:371)
at org.testng.SuiteRunner.privateRun(SuiteRunner.java:332)
at org.testng.SuiteRunner.run(SuiteRunner.java:276)
at org.testng.SuiteRunnerWorker.runSuite(SuiteRunnerWorker.java:53)
at org.testng.SuiteRunnerWorker.run(SuiteRunnerWorker.java:96)
at org.testng.TestNG.runSuitesSequentially(TestNG.java:1212)
at org.testng.TestNG.runSuitesLocally(TestNG.java:1134)
at org.testng.TestNG.runSuites(TestNG.java:1063)
at org.testng.TestNG.run(TestNG.java:1031)
at org.testng.remote.AbstractRemoteTestNG.run(AbstractRemoteTestNG.java:115)
at org.testng.remote.RemoteTestNG.initAndRun(RemoteTestNG.java:251)
at org.testng.remote.RemoteTestNG.main(RemoteTestNG.java:77)
]]>
    </failure>
  </testcase> <!-- verifyIsShow -->
  <system-out/>
</testsuite> <!-- Testcases.TestFauxTab -->
