<?xml version="1.0" encoding="UTF-8"?>
<!-- Generated by org.testng.reporters.JUnitReportReporter -->
<testsuite hostname="DHHCLGJNDGB3" failures="0" tests="1" name="Testcases.test" time="8.625" errors="0" timestamp="2022-05-25T09:54:24 IST" skipped="0">
  <testcase classname="Testcases.test" name="setup" time="8.625"/>
  <system-out/>
</testsuite> <!-- Testcases.test -->
