<?xml version="1.0" encoding="UTF-8"?>
<!-- Generated by org.testng.reporters.JUnitReportReporter -->
<testsuite hostname="DHHCLPF18V2V2" failures="0" tests="25" name="Testcases.TestTimeBox" time="58.488" errors="0" timestamp="2022-06-29T11:24:29 IST" skipped="0">
  <testcase classname="Testcases.TestTimeBox" name="verifySetText" time="1.780"/>
  <system-out/>
  <testcase classname="Testcases.TestTimeBox" name="verifyGetText" time="1.558"/>
  <system-out/>
  <testcase classname="Testcases.TestTimeBox" name="verifyClearText" time="2.772"/>
  <system-out/>
  <testcase classname="Testcases.TestTimeBox" name="verifyGetTime" time="1.729"/>
  <system-out/>
  <testcase classname="Testcases.TestTimeBox" name="verifyIsValid" time="1.765"/>
  <system-out/>
  <testcase classname="Testcases.TestTimeBox" name="verifyEnableTrue" time="1.487"/>
  <system-out/>
  <testcase classname="Testcases.TestTimeBox" name="verifyEnableFalse" time="1.481"/>
  <system-out/>
  <testcase classname="Testcases.TestTimeBox" name="verifyVisibleTrue" time="1.583"/>
  <system-out/>
  <testcase classname="Testcases.TestTimeBox" name="verifyVisibleFalse" time="1.686"/>
  <system-out/>
  <testcase classname="Testcases.TestTimeBox" name="verifyReadOnlyTrue" time="1.723"/>
  <system-out/>
  <testcase classname="Testcases.TestTimeBox" name="verifyReadOnlyFalse" time="15.122"/>
  <system-out/>
  <testcase classname="Testcases.TestTimeBox" name="verifyMandatoryFalse" time="1.605"/>
  <system-out/>
  <testcase classname="Testcases.TestTimeBox" name="verifyMandatoryTrue" time="2.630"/>
  <system-out/>
  <testcase classname="Testcases.TestTimeBox" name="verifyDisplayTrue" time="1.505"/>
  <system-out/>
  <testcase classname="Testcases.TestTimeBox" name="verifyDisplayFalse" time="1.480"/>
  <system-out/>
  <testcase classname="Testcases.TestTimeBox" name="verifyShowToolTipTrue" time="1.542"/>
  <system-out/>
  <testcase classname="Testcases.TestTimeBox" name="verifyShowToolTipFalse" time="1.799"/>
  <system-out/>
  <testcase classname="Testcases.TestTimeBox" name="verifyClearAll" time="3.181"/>
  <system-out/>
  <testcase classname="Testcases.TestTimeBox" name="verifyIsValidTime" time="1.802"/>
  <system-out/>
  <testcase classname="Testcases.TestTimeBox" name="verifyTimeBox1Inc" time="1.862"/>
  <system-out/>
  <testcase classname="Testcases.TestTimeBox" name="verifyTimeBox1Dec" time="1.513"/>
  <system-out/>
  <testcase classname="Testcases.TestTimeBox" name="verifyAutoInc" time="1.746"/>
  <system-out/>
  <testcase classname="Testcases.TestTimeBox" name="verifyAutoDec" time="1.797"/>
  <system-out/>
  <testcase classname="Testcases.TestTimeBox" name="verifyTimeBox2Inc" time="1.648"/>
  <system-out/>
  <testcase classname="Testcases.TestTimeBox" name="verifyTimeBox2Dec" time="1.692"/>
  <system-out/>
</testsuite> <!-- Testcases.TestTimeBox -->
